<?xml version="1.0" encoding="UTF-8"?>
<!-- Generated by org.testng.reporters.JUnitXMLReporter -->
<testsuite hostname="Afsanas-MacBook-Pro.local" ignored="1" name="Default test" tests="5" failures="0" timestamp="2020-07-02T23:24:43 EDT" time="30.628" errors="0">
  <testcase name="signUpFbTest" time="2.275" classname="annotaion_homework.annotation_homework2"/>
  <testcase name="inputmobileno" time="2.22" classname="annotaion_homework.annotation_homework2"/>
  <testcase name="skipTest" time="0.218" classname="annotaion_homework.annotation_homework2">
    <skipped/>
  </testcase> <!-- skipTest -->
  <testcase name="signinfbtest" time="2.221" classname="annotaion_homework.annotation_homework2"/>
  <testcase name="tryCatchTest" time="0.004" classname="annotaion_homework.annotation_homework2"/>
  <testcase name="disableTest" time="0.0" classname="annotaion_homework.annotation_homework2">
    <ignored/>
  </testcase> <!-- disableTest -->
</testsuite> <!-- Default test -->
