<?xml version="1.0" encoding="UTF-8"?>
<testng-results total="3" passed="2" failed="1" skipped="0">
  <reporter-output>
  </reporter-output>
  <suite started-at="2020-08-18T00:25:28Z" name="RegressionSuite" finished-at="2020-08-18T00:26:03Z" duration-ms="35574">
    <groups>
    </groups>
    <test started-at="2020-08-18T00:25:28Z" name="Booking.com Regression Test Suite" finished-at="2020-08-18T00:26:03Z" duration-ms="35574">
      <class name="test_signIn.LoginWithInvalidCredentialUsingEmailTest">
        <test-method is-config="true" signature="startTestSuite()[pri:0, instance:test_signIn.LoginWithInvalidCredentialUsingEmailTest@b3ca52e]" started-at="2020-08-17T20:25:28Z" name="startTestSuite" finished-at="2020-08-17T20:25:28Z" duration-ms="38" status="PASS">
          <reporter-output>
          </reporter-output>
        </test-method> <!-- startTestSuite -->
        <test-method is-config="true" signature="beforeEachTestMethod()[pri:0, instance:test_signIn.LoginWithInvalidCredentialUsingEmailTest@b3ca52e]" started-at="2020-08-17T20:25:28Z" name="beforeEachTestMethod" finished-at="2020-08-17T20:25:33Z" duration-ms="5270" status="PASS">
          <reporter-output>
          </reporter-output>
        </test-method> <!-- beforeEachTestMethod -->
        <test-method signature="loginWithInValidCredentialUsingEmailTest()[pri:0, instance:test_signIn.LoginWithInvalidCredentialUsingEmailTest@b3ca52e]" started-at="2020-08-17T20:25:33Z" name="loginWithInValidCredentialUsingEmailTest" finished-at="2020-08-17T20:25:36Z" duration-ms="2720" status="PASS">
          <reporter-output>
          </reporter-output>
        </test-method> <!-- loginWithInValidCredentialUsingEmailTest -->
        <test-method is-config="true" signature="afterEachTestMethod()[pri:0, instance:test_signIn.LoginWithInvalidCredentialUsingEmailTest@b3ca52e]" started-at="2020-08-17T20:25:36Z" name="afterEachTestMethod" finished-at="2020-08-17T20:25:36Z" duration-ms="1" status="PASS">
          <reporter-output>
          </reporter-output>
        </test-method> <!-- afterEachTestMethod -->
        <test-method is-config="true" signature="tearDown()[pri:0, instance:test_signIn.LoginWithInvalidCredentialUsingEmailTest@b3ca52e]" started-at="2020-08-17T20:26:03Z" name="tearDown" finished-at="2020-08-17T20:26:03Z" duration-ms="1" status="PASS">
          <reporter-output>
          </reporter-output>
        </test-method> <!-- tearDown -->
      </class> <!-- test_signIn.LoginWithInvalidCredentialUsingEmailTest -->
      <class name="Register_Test.Register_Test_with_valid_credentials">
        <test-method is-config="true" signature="beforeEachTestMethod()[pri:0, instance:Register_Test.Register_Test_with_valid_credentials@2925bf5b]" started-at="2020-08-17T20:25:45Z" name="beforeEachTestMethod" finished-at="2020-08-17T20:25:49Z" duration-ms="4174" status="PASS">
          <reporter-output>
          </reporter-output>
        </test-method> <!-- beforeEachTestMethod -->
        <test-method signature="register_test_with_valid_credential()[pri:0, instance:Register_Test.Register_Test_with_valid_credentials@2925bf5b]" started-at="2020-08-17T20:25:49Z" name="register_test_with_valid_credential" finished-at="2020-08-17T20:26:03Z" duration-ms="14044" status="FAIL">
          <exception class="org.openqa.selenium.NoSuchElementException">
            <message>
              <![CDATA[Cannot locate an element using xpath=//*[@id="password"]
For documentation on this error, please visit: https://www.seleniumhq.org/exceptions/no_such_element.html
Build info: version: '3.141.59', revision: 'e82be7d358', time: '2018-11-14T08:25:48'
System info: host: 'Afsanas-MacBook-Pro.local', ip: '2601:48:c504:fd0:7928:3413:b313:cdf%en0', os.name: 'Mac OS X', os.arch: 'x86_64', os.version: '10.15.5', java.version: '14.0.1'
Driver info: driver.version: RemoteWebDriver]]>
            </message>
            <full-stacktrace>
              <![CDATA[org.openqa.selenium.NoSuchElementException: Cannot locate an element using xpath=//*[@id="password"]
For documentation on this error, please visit: https://www.seleniumhq.org/exceptions/no_such_element.html
Build info: version: '3.141.59', revision: 'e82be7d358', time: '2018-11-14T08:25:48'
System info: host: 'Afsanas-MacBook-Pro.local', ip: '2601:48:c504:fd0:7928:3413:b313:cdf%en0', os.name: 'Mac OS X', os.arch: 'x86_64', os.version: '10.15.5', java.version: '14.0.1'
Driver info: driver.version: RemoteWebDriver
	at org.openqa.selenium.remote.RemoteWebDriver.findElement(RemoteWebDriver.java:327)
	at org.openqa.selenium.remote.RemoteWebDriver.findElementByXPath(RemoteWebDriver.java:428)
	at org.openqa.selenium.By$ByXPath.findElement(By.java:353)
	at org.openqa.selenium.remote.RemoteWebDriver.findElement(RemoteWebDriver.java:315)
	at base.WDFunctions.typeByXpath(WDFunctions.java:22)
	at Register_Test.Register_Test_with_valid_credentials.register_test_with_valid_credential(Register_Test_with_valid_credentials.java:21)
	at java.base/jdk.internal.reflect.NativeMethodAccessorImpl.invoke0(Native Method)
	at java.base/jdk.internal.reflect.NativeMethodAccessorImpl.invoke(NativeMethodAccessorImpl.java:62)
	at java.base/jdk.internal.reflect.DelegatingMethodAccessorImpl.invoke(DelegatingMethodAccessorImpl.java:43)
	at java.base/java.lang.reflect.Method.invoke(Method.java:564)
	at org.testng.internal.MethodInvocationHelper.invokeMethod(MethodInvocationHelper.java:85)
	at org.testng.internal.Invoker.invokeMethod(Invoker.java:639)
	at org.testng.internal.Invoker.invokeTestMethod(Invoker.java:816)
	at org.testng.internal.Invoker.invokeTestMethods(Invoker.java:1124)
	at org.testng.internal.TestMethodWorker.invokeTestMethods(TestMethodWorker.java:125)
	at org.testng.internal.TestMethodWorker.run(TestMethodWorker.java:108)
	at org.testng.TestRunner.privateRun(TestRunner.java:774)
	at org.testng.TestRunner.run(TestRunner.java:624)
	at org.testng.SuiteRunner.runTest(SuiteRunner.java:359)
	at org.testng.SuiteRunner.runSequentially(SuiteRunner.java:354)
	at org.testng.SuiteRunner.privateRun(SuiteRunner.java:312)
	at org.testng.SuiteRunner.run(SuiteRunner.java:261)
	at org.testng.SuiteRunnerWorker.runSuite(SuiteRunnerWorker.java:52)
	at org.testng.SuiteRunnerWorker.run(SuiteRunnerWorker.java:86)
	at org.testng.TestNG.runSuitesSequentially(TestNG.java:1215)
	at org.testng.TestNG.runSuitesLocally(TestNG.java:1140)
	at org.testng.TestNG.run(TestNG.java:1048)
	at org.testng.TestNG.privateMain(TestNG.java:1355)
	at org.testng.TestNG.main(TestNG.java:1324)
]]>
            </full-stacktrace>
          </exception> <!-- org.openqa.selenium.NoSuchElementException -->
          <reporter-output>
          </reporter-output>
        </test-method> <!-- register_test_with_valid_credential -->
        <test-method is-config="true" signature="afterEachTestMethod()[pri:0, instance:Register_Test.Register_Test_with_valid_credentials@2925bf5b]" started-at="2020-08-17T20:26:03Z" name="afterEachTestMethod" finished-at="2020-08-17T20:26:03Z" duration-ms="0" status="PASS">
          <reporter-output>
          </reporter-output>
        </test-method> <!-- afterEachTestMethod -->
      </class> <!-- Register_Test.Register_Test_with_valid_credentials -->
      <class name="test_signIn.LoginWithValidCredentialUsingEmail">
        <test-method is-config="true" signature="beforeEachTestMethod()[pri:0, instance:test_signIn.LoginWithValidCredentialUsingEmail@45c7e403]" started-at="2020-08-17T20:25:36Z" name="beforeEachTestMethod" finished-at="2020-08-17T20:25:39Z" duration-ms="3298" status="PASS">
          <reporter-output>
          </reporter-output>
        </test-method> <!-- beforeEachTestMethod -->
        <test-method signature="loginWithValidCredentialUsingEmailTest()[pri:0, instance:test_signIn.LoginWithValidCredentialUsingEmail@45c7e403]" started-at="2020-08-17T20:25:39Z" name="loginWithValidCredentialUsingEmailTest" finished-at="2020-08-17T20:25:45Z" duration-ms="6059" status="PASS">
          <reporter-output>
          </reporter-output>
        </test-method> <!-- loginWithValidCredentialUsingEmailTest -->
        <test-method is-config="true" signature="afterEachTestMethod()[pri:0, instance:test_signIn.LoginWithValidCredentialUsingEmail@45c7e403]" started-at="2020-08-17T20:25:45Z" name="afterEachTestMethod" finished-at="2020-08-17T20:25:45Z" duration-ms="0" status="PASS">
          <reporter-output>
          </reporter-output>
        </test-method> <!-- afterEachTestMethod -->
      </class> <!-- test_signIn.LoginWithValidCredentialUsingEmail -->
    </test> <!-- Booking.com Regression Test Suite -->
  </suite> <!-- RegressionSuite -->
</testng-results>
