<?xml version="1.0" encoding="UTF-8"?>
<testng-results skipped="1" failed="0" ignored="1" total="6" passed="4">
  <reporter-output>
  </reporter-output>
  <suite name="Default suite" duration-ms="30628" started-at="2020-07-02T23:24:13 EDT" finished-at="2020-07-02T23:24:43 EDT">
    <groups>
    </groups>
    <test name="Default test" duration-ms="30628" started-at="2020-07-02T23:24:13 EDT" finished-at="2020-07-02T23:24:43 EDT">
      <class name="annotaion_homework.annotation_homework2">
        <test-method status="PASS" signature="openBrowser()[pri:0, instance:annotaion_homework.annotation_homework2@79be0360]" name="openBrowser" is-config="true" duration-ms="4002" started-at="2020-07-02T23:24:13 EDT" finished-at="2020-07-02T23:24:17 EDT">
          <reporter-output>
          </reporter-output>
        </test-method> <!-- openBrowser -->
        <test-method status="PASS" signature="signUpFbTest()[pri:1, instance:annotaion_homework.annotation_homework2@79be0360]" name="signUpFbTest" duration-ms="2275" started-at="2020-07-02T23:24:17 EDT" finished-at="2020-07-02T23:24:19 EDT">
          <reporter-output>
          </reporter-output>
        </test-method> <!-- signUpFbTest -->
        <test-method status="PASS" signature="closeBrowser()[pri:0, instance:annotaion_homework.annotation_homework2@79be0360]" name="closeBrowser" is-config="true" duration-ms="185" started-at="2020-07-02T23:24:19 EDT" finished-at="2020-07-02T23:24:19 EDT">
          <reporter-output>
          </reporter-output>
        </test-method> <!-- closeBrowser -->
        <test-method status="PASS" signature="openBrowser()[pri:0, instance:annotaion_homework.annotation_homework2@79be0360]" name="openBrowser" is-config="true" duration-ms="5018" started-at="2020-07-02T23:24:19 EDT" finished-at="2020-07-02T23:24:24 EDT">
          <reporter-output>
          </reporter-output>
        </test-method> <!-- openBrowser -->
        <test-method status="PASS" signature="inputmobileno()[pri:2, instance:annotaion_homework.annotation_homework2@79be0360]" name="inputmobileno" duration-ms="2220" started-at="2020-07-02T23:24:24 EDT" finished-at="2020-07-02T23:24:26 EDT">
          <reporter-output>
          </reporter-output>
        </test-method> <!-- inputmobileno -->
        <test-method status="PASS" signature="closeBrowser()[pri:0, instance:annotaion_homework.annotation_homework2@79be0360]" name="closeBrowser" is-config="true" duration-ms="189" started-at="2020-07-02T23:24:26 EDT" finished-at="2020-07-02T23:24:27 EDT">
          <reporter-output>
          </reporter-output>
        </test-method> <!-- closeBrowser -->
        <test-method status="PASS" signature="openBrowser()[pri:0, instance:annotaion_homework.annotation_homework2@79be0360]" name="openBrowser" is-config="true" duration-ms="6664" started-at="2020-07-02T23:24:27 EDT" finished-at="2020-07-02T23:24:33 EDT">
          <reporter-output>
          </reporter-output>
        </test-method> <!-- openBrowser -->
        <test-method status="SKIP" signature="skipTest()[pri:3, instance:annotaion_homework.annotation_homework2@79be0360]" name="skipTest" duration-ms="218" started-at="2020-07-02T23:24:33 EDT" finished-at="2020-07-02T23:24:34 EDT">
          <exception class="org.testng.SkipException">
            <message>
              <![CDATA[skipping this test because business requiment is changed. Here is the JIRA Ticket # SF-7]]>
            </message>
            <full-stacktrace>
              <![CDATA[org.testng.SkipException: skipping this test because business requiment is changed. Here is the JIRA Ticket # SF-7
at annotaion_homework.annotation_homework2.skipTest(annotation_homework2.java:59)
at sun.reflect.NativeMethodAccessorImpl.invoke0(Native Method)
at sun.reflect.NativeMethodAccessorImpl.invoke(NativeMethodAccessorImpl.java:62)
at sun.reflect.DelegatingMethodAccessorImpl.invoke(DelegatingMethodAccessorImpl.java:43)
at java.lang.reflect.Method.invoke(Method.java:498)
at org.testng.internal.MethodInvocationHelper.invokeMethod(MethodInvocationHelper.java:135)
at org.testng.internal.TestInvoker.invokeMethod(TestInvoker.java:598)
at org.testng.internal.TestInvoker.invokeTestMethod(TestInvoker.java:174)
at org.testng.internal.MethodRunner.runInSequence(MethodRunner.java:46)
at org.testng.internal.TestInvoker$MethodInvocationAgent.invoke(TestInvoker.java:821)
at org.testng.internal.TestInvoker.invokeTestMethods(TestInvoker.java:147)
at org.testng.internal.TestMethodWorker.invokeTestMethods(TestMethodWorker.java:146)
at org.testng.internal.TestMethodWorker.run(TestMethodWorker.java:128)
at java.util.ArrayList.forEach(ArrayList.java:1257)
at org.testng.TestRunner.privateRun(TestRunner.java:767)
at org.testng.TestRunner.run(TestRunner.java:588)
at org.testng.SuiteRunner.runTest(SuiteRunner.java:384)
at org.testng.SuiteRunner.runSequentially(SuiteRunner.java:378)
at org.testng.SuiteRunner.privateRun(SuiteRunner.java:337)
at org.testng.SuiteRunner.run(SuiteRunner.java:286)
at org.testng.SuiteRunnerWorker.runSuite(SuiteRunnerWorker.java:53)
at org.testng.SuiteRunnerWorker.run(SuiteRunnerWorker.java:96)
at org.testng.TestNG.runSuitesSequentially(TestNG.java:1214)
at org.testng.TestNG.runSuitesLocally(TestNG.java:1136)
at org.testng.TestNG.runSuites(TestNG.java:1066)
at org.testng.TestNG.run(TestNG.java:1034)
at org.testng.remote.AbstractRemoteTestNG.run(AbstractRemoteTestNG.java:115)
at org.testng.remote.RemoteTestNG.initAndRun(RemoteTestNG.java:251)
at org.testng.remote.RemoteTestNG.main(RemoteTestNG.java:77)
]]>
            </full-stacktrace>
          </exception> <!-- org.testng.SkipException -->
          <reporter-output>
          </reporter-output>
        </test-method> <!-- skipTest -->
        <test-method status="PASS" signature="closeBrowser()[pri:0, instance:annotaion_homework.annotation_homework2@79be0360]" name="closeBrowser" is-config="true" duration-ms="130" started-at="2020-07-02T23:24:34 EDT" finished-at="2020-07-02T23:24:34 EDT">
          <reporter-output>
          </reporter-output>
        </test-method> <!-- closeBrowser -->
        <test-method status="PASS" signature="openBrowser()[pri:0, instance:annotaion_homework.annotation_homework2@79be0360]" name="openBrowser" is-config="true" duration-ms="4293" started-at="2020-07-02T23:24:34 EDT" finished-at="2020-07-02T23:24:38 EDT">
          <reporter-output>
          </reporter-output>
        </test-method> <!-- openBrowser -->
        <test-method status="PASS" signature="signinfbtest()[pri:4, instance:annotaion_homework.annotation_homework2@79be0360]" name="signinfbtest" duration-ms="2221" started-at="2020-07-02T23:24:38 EDT" finished-at="2020-07-02T23:24:40 EDT">
          <reporter-output>
          </reporter-output>
        </test-method> <!-- signinfbtest -->
        <test-method status="PASS" signature="closeBrowser()[pri:0, instance:annotaion_homework.annotation_homework2@79be0360]" name="closeBrowser" is-config="true" duration-ms="192" started-at="2020-07-02T23:24:40 EDT" finished-at="2020-07-02T23:24:40 EDT">
          <reporter-output>
          </reporter-output>
        </test-method> <!-- closeBrowser -->
        <test-method status="PASS" signature="openBrowser()[pri:0, instance:annotaion_homework.annotation_homework2@79be0360]" name="openBrowser" is-config="true" duration-ms="2859" started-at="2020-07-02T23:24:40 EDT" finished-at="2020-07-02T23:24:43 EDT">
          <reporter-output>
          </reporter-output>
        </test-method> <!-- openBrowser -->
        <test-method status="PASS" signature="tryCatchTest()[pri:6, instance:annotaion_homework.annotation_homework2@79be0360]" name="tryCatchTest" duration-ms="4" started-at="2020-07-02T23:24:43 EDT" finished-at="2020-07-02T23:24:43 EDT">
          <reporter-output>
          </reporter-output>
        </test-method> <!-- tryCatchTest -->
        <test-method status="PASS" signature="closeBrowser()[pri:0, instance:annotaion_homework.annotation_homework2@79be0360]" name="closeBrowser" is-config="true" duration-ms="117" started-at="2020-07-02T23:24:43 EDT" finished-at="2020-07-02T23:24:43 EDT">
          <reporter-output>
          </reporter-output>
        </test-method> <!-- closeBrowser -->
        <test-method status="PASS" signature="tearDown()[pri:0, instance:annotaion_homework.annotation_homework2@79be0360]" name="tearDown" is-config="true" duration-ms="17" started-at="2020-07-02T23:24:43 EDT" finished-at="2020-07-02T23:24:43 EDT">
          <reporter-output>
          </reporter-output>
        </test-method> <!-- tearDown -->
      </class> <!-- annotaion_homework.annotation_homework2 -->
    </test> <!-- Default test -->
  </suite> <!-- Default suite -->
</testng-results>
